<?xml version="1.0" encoding="UTF-8"?>
<!-- Generated by org.testng.reporters.JUnitXMLReporter -->
<testsuite ignored="0" hostname="LAPTOP-53CVDCND" failures="0" tests="4" name="Default test" time="53.096" errors="0" timestamp="2022-11-27T21:27:12 IST">
  <testcase classname="qa.HDFCBank.TestCases.TC_Login_01" name="loginTest" time="3.606"/>
  <testcase classname="qa.HDFCBank.TestCases.TC_Login_01" name="loginTest" time="2.945"/>
  <testcase classname="qa.HDFCBank.TestCases.TC_Login_01" name="loginTest" time="3.651"/>
  <testcase classname="qa.HDFCBank.TestCases.TC_Login_01" name="resetTest" time="0.419"/>
</testsuite> <!-- Default test -->
