<?xml version="1.0" encoding="UTF-8"?>
<!-- Generated by org.testng.reporters.JUnitXMLReporter -->
<testsuite ignored="0" hostname="LAPTOP-53CVDCND" failures="0" tests="4" name="HDFCbank  Tests" time="51.961" errors="0" timestamp="2022-11-21T21:48:50 IST">
  <testcase classname="qa.HDFCBank.TestCases.TC_Login_01" name="loginTest" time="4.205"/>
  <testcase classname="qa.HDFCBank.TestCases.TC_Login_01" name="loginTest" time="3.4"/>
  <testcase classname="qa.HDFCBank.TestCases.TC_Login_01" name="loginTest" time="3.0"/>
  <testcase classname="qa.HDFCBank.TestCases.TC_Login_01" name="resetTest" time="0.501"/>
</testsuite> <!-- HDFCbank  Tests -->
