<?xml version="1.0" encoding="UTF-8"?>
<!-- Generated by org.testng.reporters.JUnitXMLReporter -->
<testsuite ignored="0" hostname="LAPTOP-53CVDCND" failures="0" tests="4" name="HDFCbank  Tests" time="74.636" errors="0" timestamp="2022-11-21T19:06:10 IST">
  <testcase classname="qa.HDFCBank.TestCases.TC_Login_01" name="loginTest" time="4.066"/>
  <testcase classname="qa.HDFCBank.TestCases.TC_Login_01" name="loginTest" time="4.156"/>
  <testcase classname="qa.HDFCBank.TestCases.TC_Login_01" name="loginTest" time="3.553"/>
  <testcase classname="qa.HDFCBank.TestCases.TC_Login_01" name="resetTest" time="0.642"/>
</testsuite> <!-- HDFCbank  Tests -->
