<?xml version="1.0" encoding="UTF-8"?>
<testng-results ignored="0" total="9" passed="8" failed="1" skipped="0">
  <reporter-output>
  </reporter-output>
  <suite started-at="2022-11-15T11:09:17 IST" name="Suite" finished-at="2022-11-15T11:11:20 IST" duration-ms="123518">
    <groups>
    </groups>
    <test started-at="2022-11-15T11:09:17 IST" name="HDFCbank  Tests" finished-at="2022-11-15T11:11:20 IST" duration-ms="123518">
      <class name="qa.HDFCBank.TestCases.TC_Login_01">
        <test-method is-config="true" signature="setUp(java.lang.String)[pri:0, instance:qa.HDFCBank.TestCases.TC_Login_01@64e7619d]" started-at="2022-11-15T11:09:17 IST" name="setUp" finished-at="2022-11-15T11:09:32 IST" duration-ms="15240" status="PASS">
          <params>
            <param index="0">
              <value>
                <![CDATA[chrome]]>
              </value>
            </param>
          </params>
          <reporter-output>
          </reporter-output>
        </test-method> <!-- setUp -->
        <test-method signature="loginTest()[pri:0, instance:qa.HDFCBank.TestCases.TC_Login_01@64e7619d]" started-at="2022-11-15T11:09:32 IST" name="loginTest" finished-at="2022-11-15T11:09:36 IST" duration-ms="3583" status="PASS">
          <reporter-output>
          </reporter-output>
        </test-method> <!-- loginTest -->
        <test-method is-config="true" signature="tearDown()[pri:0, instance:qa.HDFCBank.TestCases.TC_Login_01@64e7619d]" started-at="2022-11-15T11:09:36 IST" name="tearDown" finished-at="2022-11-15T11:09:36 IST" duration-ms="513" status="PASS">
          <reporter-output>
          </reporter-output>
        </test-method> <!-- tearDown -->
        <test-method is-config="true" signature="setUp(java.lang.String)[pri:0, instance:qa.HDFCBank.TestCases.TC_Login_01@64e7619d]" started-at="2022-11-15T11:09:36 IST" name="setUp" finished-at="2022-11-15T11:09:46 IST" duration-ms="9919" status="PASS">
          <params>
            <param index="0">
              <value>
                <![CDATA[chrome]]>
              </value>
            </param>
          </params>
          <reporter-output>
          </reporter-output>
        </test-method> <!-- setUp -->
        <test-method signature="loginTest()[pri:0, instance:qa.HDFCBank.TestCases.TC_Login_01@64e7619d]" started-at="2022-11-15T11:09:46 IST" name="loginTest" finished-at="2022-11-15T11:09:50 IST" duration-ms="3480" status="PASS">
          <reporter-output>
          </reporter-output>
        </test-method> <!-- loginTest -->
        <test-method is-config="true" signature="tearDown()[pri:0, instance:qa.HDFCBank.TestCases.TC_Login_01@64e7619d]" started-at="2022-11-15T11:09:50 IST" name="tearDown" finished-at="2022-11-15T11:09:50 IST" duration-ms="410" status="PASS">
          <reporter-output>
          </reporter-output>
        </test-method> <!-- tearDown -->
        <test-method is-config="true" signature="setUp(java.lang.String)[pri:0, instance:qa.HDFCBank.TestCases.TC_Login_01@64e7619d]" started-at="2022-11-15T11:09:50 IST" name="setUp" finished-at="2022-11-15T11:10:00 IST" duration-ms="10150" status="PASS">
          <params>
            <param index="0">
              <value>
                <![CDATA[chrome]]>
              </value>
            </param>
          </params>
          <reporter-output>
          </reporter-output>
        </test-method> <!-- setUp -->
        <test-method signature="loginTest()[pri:0, instance:qa.HDFCBank.TestCases.TC_Login_01@64e7619d]" started-at="2022-11-15T11:10:00 IST" name="loginTest" finished-at="2022-11-15T11:10:04 IST" duration-ms="4051" status="PASS">
          <reporter-output>
          </reporter-output>
        </test-method> <!-- loginTest -->
        <test-method is-config="true" signature="tearDown()[pri:0, instance:qa.HDFCBank.TestCases.TC_Login_01@64e7619d]" started-at="2022-11-15T11:10:04 IST" name="tearDown" finished-at="2022-11-15T11:10:05 IST" duration-ms="504" status="PASS">
          <reporter-output>
          </reporter-output>
        </test-method> <!-- tearDown -->
        <test-method is-config="true" signature="setUp(java.lang.String)[pri:0, instance:qa.HDFCBank.TestCases.TC_Login_01@64e7619d]" started-at="2022-11-15T11:10:05 IST" name="setUp" finished-at="2022-11-15T11:10:15 IST" duration-ms="9998" status="PASS">
          <params>
            <param index="0">
              <value>
                <![CDATA[chrome]]>
              </value>
            </param>
          </params>
          <reporter-output>
          </reporter-output>
        </test-method> <!-- setUp -->
        <test-method signature="resetTest()[pri:0, instance:qa.HDFCBank.TestCases.TC_Login_01@64e7619d]" started-at="2022-11-15T11:10:15 IST" name="resetTest" finished-at="2022-11-15T11:10:15 IST" duration-ms="438" status="FAIL">
          <exception class="java.lang.AssertionError">
            <message>
              <![CDATA[expected [true] but found [false]]]>
            </message>
            <full-stacktrace>
              <![CDATA[java.lang.AssertionError: expected [true] but found [false]
at org.testng.Assert.fail(Assert.java:110)
at org.testng.Assert.failNotEquals(Assert.java:1413)
at org.testng.Assert.assertTrue(Assert.java:56)
at org.testng.Assert.assertTrue(Assert.java:66)
at qa.HDFCBank.TestCases.TC_Login_01.resetTest(TC_Login_01.java:42)
at java.base/jdk.internal.reflect.DirectMethodHandleAccessor.invoke(DirectMethodHandleAccessor.java:104)
at java.base/java.lang.reflect.Method.invoke(Method.java:577)
at org.testng.internal.invokers.MethodInvocationHelper.invokeMethod(MethodInvocationHelper.java:139)
at org.testng.internal.invokers.TestInvoker.invokeMethod(TestInvoker.java:677)
at org.testng.internal.invokers.TestInvoker.invokeTestMethod(TestInvoker.java:221)
at org.testng.internal.invokers.MethodRunner.runInSequence(MethodRunner.java:50)
at org.testng.internal.invokers.TestInvoker$MethodInvocationAgent.invoke(TestInvoker.java:962)
at org.testng.internal.invokers.TestInvoker.invokeTestMethods(TestInvoker.java:194)
at org.testng.internal.invokers.TestMethodWorker.invokeTestMethods(TestMethodWorker.java:148)
at org.testng.internal.invokers.TestMethodWorker.run(TestMethodWorker.java:128)
at java.base/java.util.ArrayList.forEach(ArrayList.java:1511)
at org.testng.TestRunner.privateRun(TestRunner.java:806)
at org.testng.TestRunner.run(TestRunner.java:601)
at org.testng.SuiteRunner.runTest(SuiteRunner.java:433)
at org.testng.SuiteRunner.runSequentially(SuiteRunner.java:427)
at org.testng.SuiteRunner.privateRun(SuiteRunner.java:387)
at org.testng.SuiteRunner.run(SuiteRunner.java:330)
at org.testng.SuiteRunnerWorker.runSuite(SuiteRunnerWorker.java:52)
at org.testng.SuiteRunnerWorker.run(SuiteRunnerWorker.java:95)
at org.testng.TestNG.runSuitesSequentially(TestNG.java:1256)
at org.testng.TestNG.runSuitesLocally(TestNG.java:1176)
at org.testng.TestNG.runSuites(TestNG.java:1099)
at org.testng.TestNG.run(TestNG.java:1067)
at org.testng.remote.AbstractRemoteTestNG.run(AbstractRemoteTestNG.java:115)
at org.testng.remote.RemoteTestNG.initAndRun(RemoteTestNG.java:251)
at org.testng.remote.RemoteTestNG.main(RemoteTestNG.java:77)
]]>
            </full-stacktrace>
          </exception> <!-- java.lang.AssertionError -->
          <reporter-output>
          </reporter-output>
        </test-method> <!-- resetTest -->
        <test-method is-config="true" signature="tearDown()[pri:0, instance:qa.HDFCBank.TestCases.TC_Login_01@64e7619d]" started-at="2022-11-15T11:10:16 IST" name="tearDown" finished-at="2022-11-15T11:10:16 IST" duration-ms="306" status="PASS">
          <reporter-output>
          </reporter-output>
        </test-method> <!-- tearDown -->
      </class> <!-- qa.HDFCBank.TestCases.TC_Login_01 -->
      <class name="qa.HDFCBank.TestCases.TC_LoginDDT_02">
        <test-method is-config="true" signature="setUp(java.lang.String)[pri:0, instance:qa.HDFCBank.TestCases.TC_LoginDDT_02@62833051]" started-at="2022-11-15T11:10:17 IST" name="setUp" finished-at="2022-11-15T11:10:29 IST" duration-ms="11766" status="PASS">
          <params>
            <param index="0">
              <value>
                <![CDATA[chrome]]>
              </value>
            </param>
          </params>
          <reporter-output>
          </reporter-output>
        </test-method> <!-- setUp -->
        <test-method signature="loginDDTTest(java.lang.String,java.lang.String)[pri:0, instance:qa.HDFCBank.TestCases.TC_LoginDDT_02@62833051]" started-at="2022-11-15T11:10:29 IST" name="loginDDTTest" data-provider="Data For Login" finished-at="2022-11-15T11:10:30 IST" duration-ms="1115" status="PASS">
          <params>
            <param index="0">
              <value>
                <![CDATA[mngr443958]]>
              </value>
            </param>
            <param index="1">
              <value>
                <![CDATA[ygehYs4]]>
              </value>
            </param>
          </params>
          <reporter-output>
          </reporter-output>
        </test-method> <!-- loginDDTTest -->
        <test-method is-config="true" signature="tearDown()[pri:0, instance:qa.HDFCBank.TestCases.TC_LoginDDT_02@62833051]" started-at="2022-11-15T11:10:30 IST" name="tearDown" finished-at="2022-11-15T11:10:30 IST" duration-ms="252" status="PASS">
          <reporter-output>
          </reporter-output>
        </test-method> <!-- tearDown -->
        <test-method is-config="true" signature="setUp(java.lang.String)[pri:0, instance:qa.HDFCBank.TestCases.TC_LoginDDT_02@62833051]" started-at="2022-11-15T11:10:30 IST" name="setUp" finished-at="2022-11-15T11:10:40 IST" duration-ms="10190" status="PASS">
          <params>
            <param index="0">
              <value>
                <![CDATA[chrome]]>
              </value>
            </param>
          </params>
          <reporter-output>
          </reporter-output>
        </test-method> <!-- setUp -->
        <test-method signature="loginDDTTest(java.lang.String,java.lang.String)[pri:0, instance:qa.HDFCBank.TestCases.TC_LoginDDT_02@62833051]" started-at="2022-11-15T11:10:40 IST" name="loginDDTTest" data-provider="Data For Login" finished-at="2022-11-15T11:10:42 IST" duration-ms="1655" status="PASS">
          <params>
            <param index="0">
              <value>
                <![CDATA[mngr443959]]>
              </value>
            </param>
            <param index="1">
              <value>
                <![CDATA[ygehPsy]]>
              </value>
            </param>
          </params>
          <reporter-output>
          </reporter-output>
        </test-method> <!-- loginDDTTest -->
        <test-method is-config="true" signature="tearDown()[pri:0, instance:qa.HDFCBank.TestCases.TC_LoginDDT_02@62833051]" started-at="2022-11-15T11:10:42 IST" name="tearDown" finished-at="2022-11-15T11:10:43 IST" duration-ms="1043" status="PASS">
          <reporter-output>
          </reporter-output>
        </test-method> <!-- tearDown -->
        <test-method is-config="true" signature="setUp(java.lang.String)[pri:0, instance:qa.HDFCBank.TestCases.TC_LoginDDT_02@62833051]" started-at="2022-11-15T11:10:43 IST" name="setUp" finished-at="2022-11-15T11:10:54 IST" duration-ms="11071" status="PASS">
          <params>
            <param index="0">
              <value>
                <![CDATA[chrome]]>
              </value>
            </param>
          </params>
          <reporter-output>
          </reporter-output>
        </test-method> <!-- setUp -->
        <test-method signature="loginDDTTest(java.lang.String,java.lang.String)[pri:0, instance:qa.HDFCBank.TestCases.TC_LoginDDT_02@62833051]" started-at="2022-11-15T11:10:54 IST" name="loginDDTTest" data-provider="Data For Login" finished-at="2022-11-15T11:10:58 IST" duration-ms="4095" status="PASS">
          <params>
            <param index="0">
              <value>
                <![CDATA[mngr452393]]>
              </value>
            </param>
            <param index="1">
              <value>
                <![CDATA[mYtaqyr]]>
              </value>
            </param>
          </params>
          <reporter-output>
          </reporter-output>
        </test-method> <!-- loginDDTTest -->
        <test-method is-config="true" signature="tearDown()[pri:0, instance:qa.HDFCBank.TestCases.TC_LoginDDT_02@62833051]" started-at="2022-11-15T11:10:58 IST" name="tearDown" finished-at="2022-11-15T11:10:59 IST" duration-ms="395" status="PASS">
          <reporter-output>
          </reporter-output>
        </test-method> <!-- tearDown -->
        <test-method is-config="true" signature="setUp(java.lang.String)[pri:0, instance:qa.HDFCBank.TestCases.TC_LoginDDT_02@62833051]" started-at="2022-11-15T11:10:59 IST" name="setUp" finished-at="2022-11-15T11:11:08 IST" duration-ms="9556" status="PASS">
          <params>
            <param index="0">
              <value>
                <![CDATA[chrome]]>
              </value>
            </param>
          </params>
          <reporter-output>
          </reporter-output>
        </test-method> <!-- setUp -->
        <test-method signature="loginDDTTest(java.lang.String,java.lang.String)[pri:0, instance:qa.HDFCBank.TestCases.TC_LoginDDT_02@62833051]" started-at="2022-11-15T11:11:08 IST" name="loginDDTTest" data-provider="Data For Login" finished-at="2022-11-15T11:11:09 IST" duration-ms="1207" status="PASS">
          <params>
            <param index="0">
              <value>
                <![CDATA[mngr443958]]>
              </value>
            </param>
            <param index="1">
              <value>
                <![CDATA[ygehYsy]]>
              </value>
            </param>
          </params>
          <reporter-output>
          </reporter-output>
        </test-method> <!-- loginDDTTest -->
        <test-method is-config="true" signature="tearDown()[pri:0, instance:qa.HDFCBank.TestCases.TC_LoginDDT_02@62833051]" started-at="2022-11-15T11:11:09 IST" name="tearDown" finished-at="2022-11-15T11:11:10 IST" duration-ms="385" status="PASS">
          <reporter-output>
          </reporter-output>
        </test-method> <!-- tearDown -->
        <test-method is-config="true" signature="setUp(java.lang.String)[pri:0, instance:qa.HDFCBank.TestCases.TC_LoginDDT_02@62833051]" started-at="2022-11-15T11:11:10 IST" name="setUp" finished-at="2022-11-15T11:11:19 IST" duration-ms="9463" status="PASS">
          <params>
            <param index="0">
              <value>
                <![CDATA[chrome]]>
              </value>
            </param>
          </params>
          <reporter-output>
          </reporter-output>
        </test-method> <!-- setUp -->
        <test-method signature="loginDDTTest(java.lang.String,java.lang.String)[pri:0, instance:qa.HDFCBank.TestCases.TC_LoginDDT_02@62833051]" started-at="2022-11-15T11:11:19 IST" name="loginDDTTest" data-provider="Data For Login" finished-at="2022-11-15T11:11:20 IST" duration-ms="984" status="PASS">
          <params>
            <param index="0">
              <value>
                <![CDATA[mngr443962]]>
              </value>
            </param>
            <param index="1">
              <value>
                <![CDATA[ygehYy]]>
              </value>
            </param>
          </params>
          <reporter-output>
          </reporter-output>
        </test-method> <!-- loginDDTTest -->
        <test-method is-config="true" signature="tearDown()[pri:0, instance:qa.HDFCBank.TestCases.TC_LoginDDT_02@62833051]" started-at="2022-11-15T11:11:20 IST" name="tearDown" finished-at="2022-11-15T11:11:20 IST" duration-ms="306" status="PASS">
          <reporter-output>
          </reporter-output>
        </test-method> <!-- tearDown -->
      </class> <!-- qa.HDFCBank.TestCases.TC_LoginDDT_02 -->
    </test> <!-- HDFCbank  Tests -->
  </suite> <!-- Suite -->
</testng-results>
